0 info it worked if it ends with ok
1 verbose cli [ '/usr/local/bin/node', '/usr/local/bin/npm', 'run', 'sfs' ]
2 info using npm@3.10.9
3 info using node@v7.2.1
4 verbose run-script [ 'presfs', 'sfs', 'postsfs' ]
5 info lifecycle platzi@1.0.0~presfs: platzi@1.0.0
6 silly lifecycle platzi@1.0.0~presfs: no script for presfs, continuing
7 info lifecycle platzi@1.0.0~sfs: platzi@1.0.0
8 verbose lifecycle platzi@1.0.0~sfs: unsafe-perm in lifecycle true
9 verbose lifecycle platzi@1.0.0~sfs: PATH: /usr/local/lib/node_modules/npm/bin/node-gyp-bin:/Users/luismori/react/platzi/node_modules/.bin:/usr/local/opt/php56/bin:/usr/local/heroku/bin:/usr/bin:/bin:/usr/sbin:/sbin:/usr/local/bin:/Users/luismori/.rvm/bin:/usr/local/Cellar/mysql/5.7.15/bin
10 verbose lifecycle platzi@1.0.0~sfs: CWD: /Users/luismori/react/platzi
11 silly lifecycle platzi@1.0.0~sfs: Args: [ '-c', 'list ./build/statics --port 3001 --cache 0' ]
12 silly lifecycle platzi@1.0.0~sfs: Returned: code: 1  signal: null
13 info lifecycle platzi@1.0.0~sfs: Failed to exec sfs script
14 verbose stack Error: platzi@1.0.0 sfs: `list ./build/statics --port 3001 --cache 0`
14 verbose stack Exit status 1
14 verbose stack     at EventEmitter.<anonymous> (/usr/local/lib/node_modules/npm/lib/utils/lifecycle.js:255:16)
14 verbose stack     at emitTwo (events.js:106:13)
14 verbose stack     at EventEmitter.emit (events.js:191:7)
14 verbose stack     at ChildProcess.<anonymous> (/usr/local/lib/node_modules/npm/lib/utils/spawn.js:40:14)
14 verbose stack     at emitTwo (events.js:106:13)
14 verbose stack     at ChildProcess.emit (events.js:191:7)
14 verbose stack     at maybeClose (internal/child_process.js:885:16)
14 verbose stack     at Process.ChildProcess._handle.onexit (internal/child_process.js:226:5)
15 verbose pkgid platzi@1.0.0
16 verbose cwd /Users/luismori/react/platzi
17 error Darwin 15.2.0
18 error argv "/usr/local/bin/node" "/usr/local/bin/npm" "run" "sfs"
19 error node v7.2.1
20 error npm  v3.10.9
21 error code ELIFECYCLE
22 error platzi@1.0.0 sfs: `list ./build/statics --port 3001 --cache 0`
22 error Exit status 1
23 error Failed at the platzi@1.0.0 sfs script 'list ./build/statics --port 3001 --cache 0'.
23 error Make sure you have the latest version of node.js and npm installed.
23 error If you do, this is most likely a problem with the platzi package,
23 error not with npm itself.
23 error Tell the author that this fails on your system:
23 error     list ./build/statics --port 3001 --cache 0
23 error You can get information on how to open an issue for this project with:
23 error     npm bugs platzi
23 error Or if that isn't available, you can get their info via:
23 error     npm owner ls platzi
23 error There is likely additional logging output above.
24 verbose exit [ 1, true ]
